
#################################################################################################################
# ./per_on_single_board.sh 1MSDK 2CHIP_UC 3BRD_TYPE 4JOB_TIME
#################################################################################################################

/home/btm-ci/Workspace/btm-ci-github-runner3/_work/RF-PHY-closed/RF-PHY-closed/Libraries/RF-PHY-closed/.github/workflows/scripts/per_on_single_board.sh /home/btm-ci/Workspace/btm-ci-github-runner3/_work/RF-PHY-closed/RF-PHY-closed MAX32655 EvKit_V1 2024-04-16_11-45-06
Total arguments: 4

         MSDK: /home/btm-ci/Workspace/btm-ci-github-runner3/_work/RF-PHY-closed/RF-PHY-closed
      CHIP_UC: MAX32655
      CHIP_LC: max32655
     BRD_TYPE: EvKit_V1
JOB_CURR_TIME: 2024-04-16_11-45-06
   CHIP_BOARD: max32655

   NO_SKIP: 1
   DO_THIS: 0
 USED_REPO: 0
 COMMIT_ID: 
 MSDK_ONLY: 1
START_TIME: 
     LIMIT: 99.99
     RETRY: 4
    PKG_RA: 250 0
    PHY_RA: 1 2 3 4
  MIN_PWRS: 90,90,90,90
    ATTENS: 70,90
      STEP: 1

PWD: /home/btm-ci/Workspace/btm-ci-github-runner3/_work/RF-PHY-closed/RF-PHY-closed


#################################################################################################################
# rf_phy_per_skip_check.sh 1_NO_SKIP 2_MSDK 3_CHIP_UC 4_BRD_TYPE                                                #
#      return 0: run the test                                                                                   #
#      return 1: skip the test                                                                                  #
#################################################################################################################

/home/btm-ci/Workspace/btm-ci-github-runner3/_work/RF-PHY-closed/RF-PHY-closed/Libraries/RF-PHY-closed/.github/workflows/scripts/rf_phy_per_skip_check.sh 1 /home/btm-ci/Workspace/btm-ci-github-runner3/_work/RF-PHY-closed/RF-PHY-closed MAX32655 EvKit_V1

 NO_SKIP: 1
    MSDK: /home/btm-ci/Workspace/btm-ci-github-runner3/_work/RF-PHY-closed/RF-PHY-closed
 CHIP_UC: MAX32655
BRD_TYPE: EvKit_V1

Disable the file change check skip.

BRD1: nRF52840_1
BRD2: max32655_board_2

Skip the test for MAX32655 EvKit_V1.

#################################################################################################################
# ./per_on_single_board.sh 1MSDK 2CHIP_UC 3BRD_TYPE 4JOB_TIME
#################################################################################################################

/home/btm-ci/Workspace/btm-ci-github-runner3/_work/RF-PHY-closed/RF-PHY-closed/Libraries/RF-PHY-closed/.github/workflows/scripts/per_on_single_board.sh /home/btm-ci/Workspace/btm-ci-github-runner3/_work/RF-PHY-closed/RF-PHY-closed MAX32665 EvKit_V1 2024-04-16_11-45-06
Total arguments: 4

         MSDK: /home/btm-ci/Workspace/btm-ci-github-runner3/_work/RF-PHY-closed/RF-PHY-closed
      CHIP_UC: MAX32665
      CHIP_LC: max32665
     BRD_TYPE: EvKit_V1
JOB_CURR_TIME: 2024-04-16_11-45-06
   CHIP_BOARD: max32665

   NO_SKIP: 1
   DO_THIS: 0
 USED_REPO: 0
 COMMIT_ID: 
 MSDK_ONLY: 1
START_TIME: 
     LIMIT: 99.99
     RETRY: 4
    PKG_RA: 250 0
    PHY_RA: 2 3 4
  MIN_PWRS: 90,90,90,90
    ATTENS: 70,90
      STEP: 1

PWD: /home/btm-ci/Workspace/btm-ci-github-runner3/_work/RF-PHY-closed/RF-PHY-closed


#################################################################################################################
# rf_phy_per_skip_check.sh 1_NO_SKIP 2_MSDK 3_CHIP_UC 4_BRD_TYPE                                                #
#      return 0: run the test                                                                                   #
#      return 1: skip the test                                                                                  #
#################################################################################################################

/home/btm-ci/Workspace/btm-ci-github-runner3/_work/RF-PHY-closed/RF-PHY-closed/Libraries/RF-PHY-closed/.github/workflows/scripts/rf_phy_per_skip_check.sh 1 /home/btm-ci/Workspace/btm-ci-github-runner3/_work/RF-PHY-closed/RF-PHY-closed MAX32665 EvKit_V1

 NO_SKIP: 1
    MSDK: /home/btm-ci/Workspace/btm-ci-github-runner3/_work/RF-PHY-closed/RF-PHY-closed
 CHIP_UC: MAX32665
BRD_TYPE: EvKit_V1

Disable the file change check skip.

BRD1: nRF52840_1
BRD2: max32665_board_w3

Skip the test for MAX32665 EvKit_V1.

#################################################################################################################
# ./per_on_single_board.sh 1MSDK 2CHIP_UC 3BRD_TYPE 4JOB_TIME
#################################################################################################################

/home/btm-ci/Workspace/btm-ci-github-runner3/_work/RF-PHY-closed/RF-PHY-closed/Libraries/RF-PHY-closed/.github/workflows/scripts/per_on_single_board.sh /home/btm-ci/Workspace/btm-ci-github-runner3/_work/RF-PHY-closed/RF-PHY-closed MAX32690 EvKit_V1 2024-04-16_11-45-06
Total arguments: 4

         MSDK: /home/btm-ci/Workspace/btm-ci-github-runner3/_work/RF-PHY-closed/RF-PHY-closed
      CHIP_UC: MAX32690
      CHIP_LC: max32690
     BRD_TYPE: EvKit_V1
JOB_CURR_TIME: 2024-04-16_11-45-06
   CHIP_BOARD: max32690

   NO_SKIP: 1
   DO_THIS: 0
 USED_REPO: 0
 COMMIT_ID: 
 MSDK_ONLY: 1
START_TIME: 
     LIMIT: 99.99
     RETRY: 4
    PKG_RA: 250 0
    PHY_RA: 2 3 4
  MIN_PWRS: 90,90,90,90
    ATTENS: 70,90
      STEP: 1

PWD: /home/btm-ci/Workspace/btm-ci-github-runner3/_work/RF-PHY-closed/RF-PHY-closed


#################################################################################################################
# rf_phy_per_skip_check.sh 1_NO_SKIP 2_MSDK 3_CHIP_UC 4_BRD_TYPE                                                #
#      return 0: run the test                                                                                   #
#      return 1: skip the test                                                                                  #
#################################################################################################################

/home/btm-ci/Workspace/btm-ci-github-runner3/_work/RF-PHY-closed/RF-PHY-closed/Libraries/RF-PHY-closed/.github/workflows/scripts/rf_phy_per_skip_check.sh 1 /home/btm-ci/Workspace/btm-ci-github-runner3/_work/RF-PHY-closed/RF-PHY-closed MAX32690 EvKit_V1

 NO_SKIP: 1
    MSDK: /home/btm-ci/Workspace/btm-ci-github-runner3/_work/RF-PHY-closed/RF-PHY-closed
 CHIP_UC: MAX32690
BRD_TYPE: EvKit_V1

Disable the file change check skip.

BRD1: nRF52840_1
BRD2: max32690_board_w2

Skip the test for MAX32690 EvKit_V1.

#################################################################################################################
# ./per_on_single_board.sh 1MSDK 2CHIP_UC 3BRD_TYPE 4JOB_TIME
#################################################################################################################

/home/btm-ci/Workspace/btm-ci-github-runner3/_work/RF-PHY-closed/RF-PHY-closed/Libraries/RF-PHY-closed/.github/workflows/scripts/per_on_single_board.sh /home/btm-ci/Workspace/btm-ci-github-runner3/_work/RF-PHY-closed/RF-PHY-closed MAX32690 WLP_V1 2024-04-16_11-45-06
Total arguments: 4

         MSDK: /home/btm-ci/Workspace/btm-ci-github-runner3/_work/RF-PHY-closed/RF-PHY-closed
      CHIP_UC: MAX32690
      CHIP_LC: max32690
     BRD_TYPE: WLP_V1
JOB_CURR_TIME: 2024-04-16_11-45-06
   CHIP_BOARD: max32690_wlp

   NO_SKIP: 1
   DO_THIS: 0
 USED_REPO: 0
 COMMIT_ID: 
 MSDK_ONLY: 1
START_TIME: 
     LIMIT: 99.99
     RETRY: 4
    PKG_RA: 250 0
    PHY_RA: 2 3 4
  MIN_PWRS: 90,90,90,90
    ATTENS: 70,90
      STEP: 0

PWD: /home/btm-ci/Workspace/btm-ci-github-runner3/_work/RF-PHY-closed/RF-PHY-closed


#################################################################################################################
# rf_phy_per_skip_check.sh 1_NO_SKIP 2_MSDK 3_CHIP_UC 4_BRD_TYPE                                                #
#      return 0: run the test                                                                                   #
#      return 1: skip the test                                                                                  #
#################################################################################################################

/home/btm-ci/Workspace/btm-ci-github-runner3/_work/RF-PHY-closed/RF-PHY-closed/Libraries/RF-PHY-closed/.github/workflows/scripts/rf_phy_per_skip_check.sh 1 /home/btm-ci/Workspace/btm-ci-github-runner3/_work/RF-PHY-closed/RF-PHY-closed MAX32690 WLP_V1

 NO_SKIP: 1
    MSDK: /home/btm-ci/Workspace/btm-ci-github-runner3/_work/RF-PHY-closed/RF-PHY-closed
 CHIP_UC: MAX32690
BRD_TYPE: WLP_V1

Disable the file change check skip.

BRD1: nRF52840_1
BRD2: max32690_board_A1

Skip the test for MAX32690 WLP_V1.
