
#################################################################################################################
# ./per_on_single_board.sh 1MSDK 2CHIP_UC 3BRD_TYPE 4JOB_TIME
#################################################################################################################

/home/btm-ci/Workspace/btm-ci-github-runner1/_work/RF-PHY-closed/RF-PHY-closed/Libraries/RF-PHY-closed/.github/workflows/scripts/per_on_single_board.sh /home/btm-ci/Workspace/btm-ci-github-runner1/_work/RF-PHY-closed/RF-PHY-closed MAX32655 EvKit_V1 2023-10-11_09-32-05
Total arguments: 4

         MSDK: /home/btm-ci/Workspace/btm-ci-github-runner1/_work/RF-PHY-closed/RF-PHY-closed
      CHIP_UC: MAX32655
      CHIP_LC: max32655
     BRD_TYPE: EvKit_V1
JOB_CURR_TIME: 2023-10-11_09-32-05
   CHIP_BOARD: max32655

   NO_SKIP: 1
   DO_THIS: 1
 USED_REPO: 0
 COMMIT_ID: 
 MSDK_ONLY: 1
START_TIME: 
     LIMIT: 99.99
     RETRY: 4
    PKG_RA: 250 0
    PHY_RA: 2 3 4
  MIN_PWRS: 90,90,90,90
    ATTENS: 70,90
      STEP: 1

PWD: /home/btm-ci/Workspace/btm-ci-github-runner1/_work/RF-PHY-closed/RF-PHY-closed


#################################################################################################################
# rf_phy_per_skip_check.sh 1_NO_SKIP 2_MSDK 3_CHIP_UC 4_BRD_TYPE                                                #
#      return 0: run the test                                                                                   #
#      return 1: skip the test                                                                                  #
#################################################################################################################

/home/btm-ci/Workspace/btm-ci-github-runner1/_work/RF-PHY-closed/RF-PHY-closed/Libraries/RF-PHY-closed/.github/workflows/scripts/rf_phy_per_skip_check.sh 1 /home/btm-ci/Workspace/btm-ci-github-runner1/_work/RF-PHY-closed/RF-PHY-closed MAX32655 EvKit_V1

 NO_SKIP: 1
    MSDK: /home/btm-ci/Workspace/btm-ci-github-runner1/_work/RF-PHY-closed/RF-PHY-closed
 CHIP_UC: MAX32655
BRD_TYPE: EvKit_V1

Disable the file change check skip.

BRD1: nRF52840_1
BRD2: max32655_board_2

CURR_JOB_FILE: /home/btm-ci/Workspace/Resource_Share/Logs/RF-PHY-SIMPLE-PER_2023-10-11_09-32-05.txt
     CURR_LOG: /home/btm-ci/Workspace/Resource_Share/Logs/RF-PHY-SIMPLE-PER_2023-10-11_09-32-05_max32655_EvKit_V1.log
   all_in_one: /home/btm-ci/Workspace/ci_results/per/RF-PHY-SIMPLE-2023-10-11_09-32-05_max32655_EvKit_V1.csv
total 52K
drwxr-xr-x 2 btm-ci btm-ci 4.0K Oct 11 09:32 .
drwxr-xr-x 4 btm-ci btm-ci 4.0K Oct 11 09:32 ..
-rwxr-xr-x 1 btm-ci btm-ci 2.5K Oct 11 09:32 per_build.sh
-rwxr-xr-x 1 btm-ci btm-ci 7.3K Oct 11 09:32 per_on_single_board.sh
-rwxr-xr-x 1 btm-ci btm-ci  13K Oct 11 09:32 RF-PHY_board_per_test.sh
-rwxr-xr-x 1 btm-ci btm-ci 4.9K Oct 11 09:32 RF-PHY_build_flash.sh
-rwxr-xr-x 1 btm-ci btm-ci 2.3K Oct 11 09:32 rf_phy_per_skip_check.sh
-rwxr--r-- 1 btm-ci btm-ci 2.3K Oct 11 09:32 rf_phy_timing_test_file_change_check.sh


########################################################################################################################################################################
# RF-PHY_board_per_test.sh 1_MSDK 2_BRD1 3_BRD2 4_CURR_TIME 5_CURR_JOB_FILE 6_CURR_LOG 7_all_in_one 8PKG 9PHY 10STEP 11LIMIT 12RETRY 13ATTENS 14CONFIG_TEST 15MIN_PWRS #
########################################################################################################################################################################

/home/btm-ci/Workspace/btm-ci-github-runner1/_work/RF-PHY-closed/RF-PHY-closed/Libraries/RF-PHY-closed/.github/workflows/scripts/RF-PHY_board_per_test.sh /home/btm-ci/Workspace/btm-ci-github-runner1/_work/RF-PHY-closed/RF-PHY-closed nRF52840_1 max32655_board_2 2023-10-11_09-32-05 /home/btm-ci/Workspace/Resource_Share/Logs/RF-PHY-SIMPLE-PER_2023-10-11_09-32-05.txt /home/btm-ci/Workspace/Resource_Share/Logs/RF-PHY-SIMPLE-PER_2023-10-11_09-32-05_max32655_EvKit_V1.log /home/btm-ci/Workspace/ci_results/per/RF-PHY-SIMPLE-2023-10-11_09-32-05_max32655_EvKit_V1.csv 250 0 2 3 4 1 99.99 4 70,90 simple_per.yml 90,90,90,90

         MSDK: /home/btm-ci/Workspace/btm-ci-github-runner1/_work/RF-PHY-closed/RF-PHY-closed
         BRD1: nRF52840_1
         BRD2: max32655_board_2
    CURR_TIME: 2023-10-11_09-32-05
CURR_JOB_FILE: /home/btm-ci/Workspace/Resource_Share/Logs/RF-PHY-SIMPLE-PER_2023-10-11_09-32-05.txt
     CURR_LOG: /home/btm-ci/Workspace/Resource_Share/Logs/RF-PHY-SIMPLE-PER_2023-10-11_09-32-05_max32655_EvKit_V1.log
   all_in_one: /home/btm-ci/Workspace/ci_results/per/RF-PHY-SIMPLE-2023-10-11_09-32-05_max32655_EvKit_V1.csv
       PKG_RA: 250 0
       PHY_RA: 2 3 4
         STEP: 1
        LIMIT: 99.99
        RETRY: 4
       ATTENS: 70,90
      CI_TEST: simple_per.yml
     MIN_PWRS: 90,90,90,90

Use python 3.10.9.
3.10.9 (main, Jan 11 2023, 15:21:40) [GCC 11.2.0]

       DEBUG: 0

   MSDK_ONLY: 1

The board info are stored in /home/btm-ci/Workspace/Resource_Share/boards_config.json.

  BRD1_DAP_SN: 1050234264
     BRD1_HCI: /dev/serial/by-id/usb-SEGGER_J-Link_001050234264-if00
BRD1_SW_MODEL: USB-1SP8T-63H
   BRD1_SW_ST: 2

 BRD2_CHIP_LC: max32655
 BRD2_CHIP_UC: MAX32655
    BRD2_TYPE: EvKit_V1
  BRD2_DAP_SN: 04090000ceeb82b000000000000000000000000097969906
  BRD2_DAP_ID: /dev/serial/by-id/usb-ARM_DAPLink_CMSIS-DAP_04090000ceeb82b000000000000000000000000097969906-if01
     BRD2_HCI: /dev/serial/by-id/usb-FTDI_FT230X_Basic_UART_DT03OH8D-if00-port0
     BRD2_CON: /dev/serial/by-id/usb-FTDI_FT230X_Basic_UART_D309ZDEP-if00-port0
BRD2_SW_MODEL: USB-1SP16T-83H
   BRD2_SW_ST: 1

#--------------------------------------------------------------------------------------------
# PER test on board max32655_board_2 EvKit_V1
#--------------------------------------------------------------------------------------------

Try to lock the hardware resources.
Timed out waiting for lockFile to be released
#---------------------------------------------
# Failed to acquire the lock of the resources.
#---------------------------------------------

#################################################################################################################
# ./per_on_single_board.sh 1MSDK 2CHIP_UC 3BRD_TYPE 4JOB_TIME
#################################################################################################################

/home/btm-ci/Workspace/btm-ci-github-runner1/_work/RF-PHY-closed/RF-PHY-closed/Libraries/RF-PHY-closed/.github/workflows/scripts/per_on_single_board.sh /home/btm-ci/Workspace/btm-ci-github-runner1/_work/RF-PHY-closed/RF-PHY-closed MAX32665 EvKit_V1 2023-10-11_09-32-05
Total arguments: 4

         MSDK: /home/btm-ci/Workspace/btm-ci-github-runner1/_work/RF-PHY-closed/RF-PHY-closed
      CHIP_UC: MAX32665
      CHIP_LC: max32665
     BRD_TYPE: EvKit_V1
JOB_CURR_TIME: 2023-10-11_09-32-05
   CHIP_BOARD: max32665

   NO_SKIP: 1
   DO_THIS: 1
 USED_REPO: 0
 COMMIT_ID: 
 MSDK_ONLY: 1
START_TIME: 
     LIMIT: 99.99
     RETRY: 4
    PKG_RA: 250 0
    PHY_RA: 2 3 4
  MIN_PWRS: 90,90,90,90
    ATTENS: 70,90
      STEP: 1

PWD: /home/btm-ci/Workspace/btm-ci-github-runner1/_work/RF-PHY-closed/RF-PHY-closed


#################################################################################################################
# rf_phy_per_skip_check.sh 1_NO_SKIP 2_MSDK 3_CHIP_UC 4_BRD_TYPE                                                #
#      return 0: run the test                                                                                   #
#      return 1: skip the test                                                                                  #
#################################################################################################################

/home/btm-ci/Workspace/btm-ci-github-runner1/_work/RF-PHY-closed/RF-PHY-closed/Libraries/RF-PHY-closed/.github/workflows/scripts/rf_phy_per_skip_check.sh 1 /home/btm-ci/Workspace/btm-ci-github-runner1/_work/RF-PHY-closed/RF-PHY-closed MAX32665 EvKit_V1

 NO_SKIP: 1
    MSDK: /home/btm-ci/Workspace/btm-ci-github-runner1/_work/RF-PHY-closed/RF-PHY-closed
 CHIP_UC: MAX32665
BRD_TYPE: EvKit_V1

Disable the file change check skip.

BRD1: nRF52840_1
BRD2: max32665_board_w3

CURR_JOB_FILE: /home/btm-ci/Workspace/Resource_Share/Logs/RF-PHY-SIMPLE-PER_2023-10-11_09-32-05.txt
     CURR_LOG: /home/btm-ci/Workspace/Resource_Share/Logs/RF-PHY-SIMPLE-PER_2023-10-11_09-32-05_max32665_EvKit_V1.log
   all_in_one: /home/btm-ci/Workspace/ci_results/per/RF-PHY-SIMPLE-2023-10-11_09-32-05_max32665_EvKit_V1.csv
total 52K
drwxr-xr-x 2 btm-ci btm-ci 4.0K Oct 11 09:32 .
drwxr-xr-x 4 btm-ci btm-ci 4.0K Oct 11 09:32 ..
-rwxr-xr-x 1 btm-ci btm-ci 2.5K Oct 11 09:32 per_build.sh
-rwxr-xr-x 1 btm-ci btm-ci 7.3K Oct 11 09:32 per_on_single_board.sh
-rwxr-xr-x 1 btm-ci btm-ci  13K Oct 11 09:32 RF-PHY_board_per_test.sh
-rwxr-xr-x 1 btm-ci btm-ci 4.9K Oct 11 09:32 RF-PHY_build_flash.sh
-rwxr-xr-x 1 btm-ci btm-ci 2.3K Oct 11 09:32 rf_phy_per_skip_check.sh
-rwxr--r-- 1 btm-ci btm-ci 2.3K Oct 11 09:32 rf_phy_timing_test_file_change_check.sh


########################################################################################################################################################################
# RF-PHY_board_per_test.sh 1_MSDK 2_BRD1 3_BRD2 4_CURR_TIME 5_CURR_JOB_FILE 6_CURR_LOG 7_all_in_one 8PKG 9PHY 10STEP 11LIMIT 12RETRY 13ATTENS 14CONFIG_TEST 15MIN_PWRS #
########################################################################################################################################################################

/home/btm-ci/Workspace/btm-ci-github-runner1/_work/RF-PHY-closed/RF-PHY-closed/Libraries/RF-PHY-closed/.github/workflows/scripts/RF-PHY_board_per_test.sh /home/btm-ci/Workspace/btm-ci-github-runner1/_work/RF-PHY-closed/RF-PHY-closed nRF52840_1 max32665_board_w3 2023-10-11_10-32-12 /home/btm-ci/Workspace/Resource_Share/Logs/RF-PHY-SIMPLE-PER_2023-10-11_09-32-05.txt /home/btm-ci/Workspace/Resource_Share/Logs/RF-PHY-SIMPLE-PER_2023-10-11_09-32-05_max32665_EvKit_V1.log /home/btm-ci/Workspace/ci_results/per/RF-PHY-SIMPLE-2023-10-11_09-32-05_max32665_EvKit_V1.csv 250 0 2 3 4 1 99.99 4 70,90 simple_per.yml 90,90,90,90

         MSDK: /home/btm-ci/Workspace/btm-ci-github-runner1/_work/RF-PHY-closed/RF-PHY-closed
         BRD1: nRF52840_1
         BRD2: max32665_board_w3
    CURR_TIME: 2023-10-11_10-32-12
CURR_JOB_FILE: /home/btm-ci/Workspace/Resource_Share/Logs/RF-PHY-SIMPLE-PER_2023-10-11_09-32-05.txt
     CURR_LOG: /home/btm-ci/Workspace/Resource_Share/Logs/RF-PHY-SIMPLE-PER_2023-10-11_09-32-05_max32665_EvKit_V1.log
   all_in_one: /home/btm-ci/Workspace/ci_results/per/RF-PHY-SIMPLE-2023-10-11_09-32-05_max32665_EvKit_V1.csv
       PKG_RA: 250 0
       PHY_RA: 2 3 4
         STEP: 1
        LIMIT: 99.99
        RETRY: 4
       ATTENS: 70,90
      CI_TEST: simple_per.yml
     MIN_PWRS: 90,90,90,90

Use python 3.10.9.
3.10.9 (main, Jan 11 2023, 15:21:40) [GCC 11.2.0]

       DEBUG: 0

   MSDK_ONLY: 1

The board info are stored in /home/btm-ci/Workspace/Resource_Share/boards_config.json.

  BRD1_DAP_SN: 1050234264
     BRD1_HCI: /dev/serial/by-id/usb-SEGGER_J-Link_001050234264-if00
BRD1_SW_MODEL: USB-1SP8T-63H
   BRD1_SW_ST: 2

 BRD2_CHIP_LC: max32665
 BRD2_CHIP_UC: MAX32665
    BRD2_TYPE: EvKit_V1
  BRD2_DAP_SN: 04090000f8dd43b800000000000000000000000097969906
  BRD2_DAP_ID: /dev/serial/by-id/usb-ARM_DAPLink_CMSIS-DAP_04090000f8dd43b800000000000000000000000097969906-if01
     BRD2_HCI: /dev/serial/by-id/usb-FTDI_FT230X_Basic_UART_DT03O7LC-if00-port0
     BRD2_CON: /dev/serial/by-id/usb-FTDI_FT230X_Basic_UART_D3091LEX-if00-port0
BRD2_SW_MODEL: USB-1SP16T-83H
   BRD2_SW_ST: 2

#--------------------------------------------------------------------------------------------
# PER test on board max32665_board_w3 EvKit_V1
#--------------------------------------------------------------------------------------------

Try to lock the hardware resources.
Timed out waiting for lockFile to be released
#---------------------------------------------
# Failed to acquire the lock of the resources.
#---------------------------------------------

#################################################################################################################
# ./per_on_single_board.sh 1MSDK 2CHIP_UC 3BRD_TYPE 4JOB_TIME
#################################################################################################################

/home/btm-ci/Workspace/btm-ci-github-runner1/_work/RF-PHY-closed/RF-PHY-closed/Libraries/RF-PHY-closed/.github/workflows/scripts/per_on_single_board.sh /home/btm-ci/Workspace/btm-ci-github-runner1/_work/RF-PHY-closed/RF-PHY-closed MAX32690 EvKit_V1 2023-10-11_09-32-05
Total arguments: 4

         MSDK: /home/btm-ci/Workspace/btm-ci-github-runner1/_work/RF-PHY-closed/RF-PHY-closed
      CHIP_UC: MAX32690
      CHIP_LC: max32690
     BRD_TYPE: EvKit_V1
JOB_CURR_TIME: 2023-10-11_09-32-05
   CHIP_BOARD: max32690

   NO_SKIP: 1
   DO_THIS: 0
 USED_REPO: 0
 COMMIT_ID: 
 MSDK_ONLY: 1
START_TIME: 
     LIMIT: 99.99
     RETRY: 4
    PKG_RA: 250 0
    PHY_RA: 2 3 4
  MIN_PWRS: 90,90,90,90
    ATTENS: 70,90
      STEP: 1

PWD: /home/btm-ci/Workspace/btm-ci-github-runner1/_work/RF-PHY-closed/RF-PHY-closed


#################################################################################################################
# rf_phy_per_skip_check.sh 1_NO_SKIP 2_MSDK 3_CHIP_UC 4_BRD_TYPE                                                #
#      return 0: run the test                                                                                   #
#      return 1: skip the test                                                                                  #
#################################################################################################################

/home/btm-ci/Workspace/btm-ci-github-runner1/_work/RF-PHY-closed/RF-PHY-closed/Libraries/RF-PHY-closed/.github/workflows/scripts/rf_phy_per_skip_check.sh 1 /home/btm-ci/Workspace/btm-ci-github-runner1/_work/RF-PHY-closed/RF-PHY-closed MAX32690 EvKit_V1

 NO_SKIP: 1
    MSDK: /home/btm-ci/Workspace/btm-ci-github-runner1/_work/RF-PHY-closed/RF-PHY-closed
 CHIP_UC: MAX32690
BRD_TYPE: EvKit_V1

Disable the file change check skip.

BRD1: nRF52840_1
BRD2: max32690_board_w2

Skip the test for MAX32690 EvKit_V1.

#################################################################################################################
# ./per_on_single_board.sh 1MSDK 2CHIP_UC 3BRD_TYPE 4JOB_TIME
#################################################################################################################

/home/btm-ci/Workspace/btm-ci-github-runner1/_work/RF-PHY-closed/RF-PHY-closed/Libraries/RF-PHY-closed/.github/workflows/scripts/per_on_single_board.sh /home/btm-ci/Workspace/btm-ci-github-runner1/_work/RF-PHY-closed/RF-PHY-closed MAX32690 WLP_V1 2023-10-11_09-32-05
Total arguments: 4

         MSDK: /home/btm-ci/Workspace/btm-ci-github-runner1/_work/RF-PHY-closed/RF-PHY-closed
      CHIP_UC: MAX32690
      CHIP_LC: max32690
     BRD_TYPE: WLP_V1
JOB_CURR_TIME: 2023-10-11_09-32-05
   CHIP_BOARD: max32690_wlp

   NO_SKIP: 1
   DO_THIS: 0
 USED_REPO: 0
 COMMIT_ID: 
 MSDK_ONLY: 1
START_TIME: 
     LIMIT: 99.99
     RETRY: 4
    PKG_RA: 250 0
    PHY_RA: 2 3 4
  MIN_PWRS: 90,90,90,90
    ATTENS: 70,90
      STEP: 0

PWD: /home/btm-ci/Workspace/btm-ci-github-runner1/_work/RF-PHY-closed/RF-PHY-closed


#################################################################################################################
# rf_phy_per_skip_check.sh 1_NO_SKIP 2_MSDK 3_CHIP_UC 4_BRD_TYPE                                                #
#      return 0: run the test                                                                                   #
#      return 1: skip the test                                                                                  #
#################################################################################################################

/home/btm-ci/Workspace/btm-ci-github-runner1/_work/RF-PHY-closed/RF-PHY-closed/Libraries/RF-PHY-closed/.github/workflows/scripts/rf_phy_per_skip_check.sh 1 /home/btm-ci/Workspace/btm-ci-github-runner1/_work/RF-PHY-closed/RF-PHY-closed MAX32690 WLP_V1

 NO_SKIP: 1
    MSDK: /home/btm-ci/Workspace/btm-ci-github-runner1/_work/RF-PHY-closed/RF-PHY-closed
 CHIP_UC: MAX32690
BRD_TYPE: WLP_V1

Disable the file change check skip.

BRD1: nRF52840_1
BRD2: max32690_board_A1

Skip the test for MAX32690 WLP_V1.
